/*C1*/SET SCHEMA SYSTEM_LOBS
INSERT INTO BLOCKS VALUES(0,2147483647,0)
COMMIT
/*C2*/SET SCHEMA PUBLIC
CREATE TABLE produto(\u000a     prod_id INTEGER GENERATED BY DEFAULT AS IDENTITY(START WITH 1) NOT NULL PRIMARY KEY,\u000a     prod_nome VARCHAR(255),\u000a     prod_tarja VARCHAR(10),\u000a     prod_descricao VARCHAR(255),\u000a     prod_quantidade INTEGER not null,\u000a     prod_data_fabricacao DATE,\u000a     prod_data_validade DATE,\u000a     prod_valor FLOAT\u000a)
INSERT INTO PRODUTO VALUES(1,'gardenal',NULL,NULL,10,NULL,NULL,NULL)
COMMIT
INSERT INTO PRODUTO VALUES(2,'gardenal','preta',NULL,10,NULL,NULL,NULL)
COMMIT
INSERT INTO PRODUTO VALUES(3,'gardenal','preta',NULL,10,NULL,NULL,NULL)
COMMIT
INSERT INTO PRODUTO VALUES(4,'gardenal','preta','teste',10,NULL,NULL,NULL)
COMMIT
INSERT INTO PRODUTO VALUES(5,'gardenal','preta','teste',10,'2014-04-12',NULL,NULL)
COMMIT
INSERT INTO PRODUTO VALUES(6,'gardenal','preta','teste',10,'2014-04-12','2015-03-15',200.0E0)
COMMIT
INSERT INTO PRODUTO VALUES(7,'gardenal','preta','teste',10,'2014-04-12','2015-03-15',200.0E0)
COMMIT
DELETE FROM PRODUTO WHERE PROD_ID=1
DELETE FROM PRODUTO WHERE PROD_ID=2
DELETE FROM PRODUTO WHERE PROD_ID=3
DELETE FROM PRODUTO WHERE PROD_ID=4
DELETE FROM PRODUTO WHERE PROD_ID=5
DELETE FROM PRODUTO WHERE PROD_ID=6
DELETE FROM PRODUTO WHERE PROD_ID=7
INSERT INTO PRODUTO VALUES(1,'gardenal',NULL,NULL,10,NULL,NULL,200.0E0)
INSERT INTO PRODUTO VALUES(2,'gardenal','preta',NULL,10,NULL,NULL,200.0E0)
INSERT INTO PRODUTO VALUES(3,'gardenal','preta',NULL,10,NULL,NULL,200.0E0)
INSERT INTO PRODUTO VALUES(4,'gardenal','preta','teste',10,NULL,NULL,200.0E0)
INSERT INTO PRODUTO VALUES(5,'gardenal','preta','teste',10,'2014-04-12',NULL,200.0E0)
INSERT INTO PRODUTO VALUES(6,'gardenal','preta','teste',10,'2014-04-12','2015-03-15',200.0E0)
INSERT INTO PRODUTO VALUES(7,'gardenal','preta','teste',10,'2014-04-12','2015-03-15',200.0E0)
COMMIT
alter table produto alter column prod_valor float
DISCONNECT
